2026-07-18 16:16:26.981 [main] INFO  com.elearning.ELearningApplication - Starting ELearningApplication using Java 23.0.1 with PID 36984 (C:\Users\chath\Cloud computing group project\Cloud-Based-E-Learning-Platform\Backend\target\classes started by chath in C:\Users\chath\Cloud computing group project\Cloud-Based-E-Learning-Platform\Backend)
2026-07-18 16:16:26.986 [main] DEBUG com.elearning.ELearningApplication - Running with Spring Boot v3.2.5, Spring v6.1.6
2026-07-18 16:16:26.988 [main] INFO  com.elearning.ELearningApplication - No active profile set, falling back to 1 default profile: "default"
2026-07-18 16:16:29.565 [main] INFO  o.s.d.r.c.RepositoryConfigurationDelegate - Bootstrapping Spring Data JPA repositories in DEFAULT mode.
2026-07-18 16:16:30.105 [main] INFO  o.s.d.r.c.RepositoryConfigurationDelegate - Finished Spring Data repository scanning in 485 ms. Found 11 JPA repository interfaces.
2026-07-18 16:16:32.303 [main] INFO  o.s.b.w.e.tomcat.TomcatWebServer - Tomcat initialized with port 8080 (http)
2026-07-18 16:16:32.352 [main] INFO  o.a.catalina.core.StandardService - Starting service [Tomcat]
2026-07-18 16:16:32.353 [main] INFO  o.a.catalina.core.StandardEngine - Starting Servlet engine: [Apache Tomcat/10.1.20]
2026-07-18 16:16:32.804 [main] INFO  o.a.c.c.C.[Tomcat].[localhost].[/] - Initializing Spring embedded WebApplicationContext
2026-07-18 16:16:32.805 [main] INFO  o.s.b.w.s.c.ServletWebServerApplicationContext - Root WebApplicationContext: initialization completed in 5615 ms
2026-07-18 16:16:33.371 [main] INFO  o.h.jpa.internal.util.LogHelper - HHH000204: Processing PersistenceUnitInfo [name: default]
2026-07-18 16:16:33.596 [main] INFO  org.hibernate.Version - HHH000412: Hibernate ORM core version 6.4.4.Final
2026-07-18 16:16:33.745 [main] INFO  o.h.c.i.RegionFactoryInitiator - HHH000026: Second-level cache disabled
2026-07-18 16:16:34.484 [main] INFO  o.s.o.j.p.SpringPersistenceUnitInfo - No LoadTimeWeaver setup: ignoring JPA class transformer
2026-07-18 16:16:34.578 [main] INFO  com.zaxxer.hikari.HikariDataSource - HikariPool-1 - Starting...
2026-07-18 16:16:42.995 [main] INFO  com.zaxxer.hikari.pool.HikariPool - HikariPool-1 - Added connection com.mysql.cj.jdbc.ConnectionImpl@67d5ac2f
2026-07-18 16:16:43.005 [main] INFO  com.zaxxer.hikari.HikariDataSource - HikariPool-1 - Start completed.
2026-07-18 16:16:43.298 [main] WARN  org.hibernate.orm.deprecation - HHH90000025: MySQL8Dialect does not need to be specified explicitly using 'hibernate.dialect' (remove the property setting and it will be selected by default)
2026-07-18 16:16:43.302 [main] WARN  org.hibernate.orm.deprecation - HHH90000026: MySQL8Dialect has been deprecated; use org.hibernate.dialect.MySQLDialect instead
2026-07-18 16:16:47.385 [main] INFO  o.h.e.t.j.p.i.JtaPlatformInitiator - HHH000489: No JTA platform available (set 'hibernate.transaction.jta.platform' to enable JTA platform integration)
2026-07-18 16:16:50.353 [main] INFO  o.s.o.j.LocalContainerEntityManagerFactoryBean - Initialized JPA EntityManagerFactory for persistence unit 'default'
2026-07-18 16:16:53.503 [main] INFO  c.e.service.LambdaGradingService - AWS Lambda Client initialized successfully.
2026-07-18 16:16:53.625 [main] INFO  com.elearning.service.S3Service - AWS S3 Presigner initialized successfully.
2026-07-18 16:16:53.764 [main] WARN  o.s.b.a.o.j.JpaBaseConfiguration$JpaWebConfiguration - spring.jpa.open-in-view is enabled by default. Therefore, database queries may be performed during view rendering. Explicitly configure spring.jpa.open-in-view to disable this warning
2026-07-18 16:16:53.815 [main] WARN  o.s.b.a.s.s.UserDetailsServiceAutoConfiguration - 

Using generated security password: 4c6091e2-2712-4610-888a-c16dd912a1be

This generated password is for development use only. Your security configuration must be updated before running your application in production.

2026-07-18 16:16:54.513 [main] INFO  o.s.s.web.DefaultSecurityFilterChain - Will secure any request with [org.springframework.security.web.session.DisableEncodeUrlFilter@5c088d72, org.springframework.security.web.context.request.async.WebAsyncManagerIntegrationFilter@4bda93f1, org.springframework.security.web.context.SecurityContextHolderFilter@6dd8ac29, org.springframework.security.web.header.HeaderWriterFilter@72259917, org.springframework.web.filter.CorsFilter@45bde54d, org.springframework.security.web.authentication.logout.LogoutFilter@80347b2, org.springframework.security.web.savedrequest.RequestCacheAwareFilter@6019ce4b, org.springframework.security.web.servletapi.SecurityContextHolderAwareRequestFilter@1e79b0fc, org.springframework.security.web.authentication.AnonymousAuthenticationFilter@ae49f31, org.springframework.security.web.access.ExceptionTranslationFilter@60003305, org.springframework.security.web.access.intercept.AuthorizationFilter@943d0c2]
2026-07-18 16:16:55.047 [main] INFO  o.s.b.w.e.tomcat.TomcatWebServer - Tomcat started on port 8080 (http) with context path ''
2026-07-18 16:16:55.065 [main] INFO  com.elearning.ELearningApplication - Started ELearningApplication in 30.266 seconds (process running for 32.195)
2026-07-18 16:17:12.368 [http-nio-8080-exec-1] INFO  o.a.c.c.C.[Tomcat].[localhost].[/] - Initializing Spring DispatcherServlet 'dispatcherServlet'
2026-07-18 16:17:12.369 [http-nio-8080-exec-1] INFO  o.s.web.servlet.DispatcherServlet - Initializing Servlet 'dispatcherServlet'
2026-07-18 16:17:12.372 [http-nio-8080-exec-1] INFO  o.s.web.servlet.DispatcherServlet - Completed initialization in 3 ms
2026-07-18 16:28:35.358 [http-nio-8080-exec-6] WARN  com.zaxxer.hikari.pool.PoolBase - HikariPool-1 - Failed to validate connection com.mysql.cj.jdbc.ConnectionImpl@1dbc8486 (No operations allowed after connection closed.). Possibly consider using a shorter maxLifetime value.
2026-07-18 16:28:35.358 [http-nio-8080-exec-9] WARN  com.zaxxer.hikari.pool.PoolBase - HikariPool-1 - Failed to validate connection com.mysql.cj.jdbc.ConnectionImpl@317b309b (No operations allowed after connection closed.). Possibly consider using a shorter maxLifetime value.
2026-07-18 16:28:35.408 [http-nio-8080-exec-6] WARN  com.zaxxer.hikari.pool.PoolBase - HikariPool-1 - Failed to validate connection com.mysql.cj.jdbc.ConnectionImpl@10db9ce5 (No operations allowed after connection closed.). Possibly consider using a shorter maxLifetime value.
2026-07-18 16:30:23.269 [http-nio-8080-exec-9] WARN  com.zaxxer.hikari.pool.PoolBase - HikariPool-1 - Failed to validate connection com.mysql.cj.jdbc.ConnectionImpl@2c8e3e58 (No operations allowed after connection closed.). Possibly consider using a shorter maxLifetime value.
2026-07-18 16:30:23.281 [http-nio-8080-exec-9] WARN  com.zaxxer.hikari.pool.PoolBase - HikariPool-1 - Failed to validate connection com.mysql.cj.jdbc.ConnectionImpl@7d875322 (No operations allowed after connection closed.). Possibly consider using a shorter maxLifetime value.
2026-07-18 16:38:26.017 [http-nio-8080-exec-5] WARN  com.zaxxer.hikari.pool.PoolBase - HikariPool-1 - Failed to validate connection com.mysql.cj.jdbc.ConnectionImpl@20652508 (No operations allowed after connection closed.). Possibly consider using a shorter maxLifetime value.
2026-07-18 16:38:26.111 [http-nio-8080-exec-5] WARN  com.zaxxer.hikari.pool.PoolBase - HikariPool-1 - Failed to validate connection com.mysql.cj.jdbc.ConnectionImpl@67d5ac2f (No operations allowed after connection closed.). Possibly consider using a shorter maxLifetime value.
2026-07-18 16:38:26.122 [http-nio-8080-exec-5] WARN  com.zaxxer.hikari.pool.PoolBase - HikariPool-1 - Failed to validate connection com.mysql.cj.jdbc.ConnectionImpl@7ad1ef54 (No operations allowed after connection closed.). Possibly consider using a shorter maxLifetime value.
2026-07-18 16:38:26.133 [http-nio-8080-exec-5] WARN  com.zaxxer.hikari.pool.PoolBase - HikariPool-1 - Failed to validate connection com.mysql.cj.jdbc.ConnectionImpl@43bb8869 (No operations allowed after connection closed.). Possibly consider using a shorter maxLifetime value.
2026-07-18 16:38:31.562 [http-nio-8080-exec-1] WARN  com.zaxxer.hikari.pool.PoolBase - HikariPool-1 - Failed to validate connection com.mysql.cj.jdbc.ConnectionImpl@7e2a5511 (No operations allowed after connection closed.). Possibly consider using a shorter maxLifetime value.
2026-07-18 16:44:01.214 [http-nio-8080-exec-2] WARN  com.zaxxer.hikari.pool.PoolBase - HikariPool-1 - Failed to validate connection com.mysql.cj.jdbc.ConnectionImpl@42432cd3 (No operations allowed after connection closed.). Possibly consider using a shorter maxLifetime value.
2026-07-18 16:44:01.306 [http-nio-8080-exec-2] WARN  com.zaxxer.hikari.pool.PoolBase - HikariPool-1 - Failed to validate connection com.mysql.cj.jdbc.ConnectionImpl@742ef06b (No operations allowed after connection closed.). Possibly consider using a shorter maxLifetime value.
2026-07-18 16:44:01.315 [http-nio-8080-exec-2] WARN  com.zaxxer.hikari.pool.PoolBase - HikariPool-1 - Failed to validate connection com.mysql.cj.jdbc.ConnectionImpl@3f1e0bd2 (No operations allowed after connection closed.). Possibly consider using a shorter maxLifetime value.
2026-07-18 17:01:10.287 [http-nio-8080-exec-7] WARN  com.zaxxer.hikari.pool.PoolBase - HikariPool-1 - Failed to validate connection com.mysql.cj.jdbc.ConnectionImpl@4a91aa6b (No operations allowed after connection closed.). Possibly consider using a shorter maxLifetime value.
2026-07-18 17:11:07.850 [http-nio-8080-exec-2] WARN  com.zaxxer.hikari.pool.PoolBase - HikariPool-1 - Failed to validate connection com.mysql.cj.jdbc.ConnectionImpl@1236eaae (No operations allowed after connection closed.). Possibly consider using a shorter maxLifetime value.
2026-07-18 17:11:07.920 [http-nio-8080-exec-2] WARN  com.zaxxer.hikari.pool.PoolBase - HikariPool-1 - Failed to validate connection com.mysql.cj.jdbc.ConnectionImpl@3e175ba5 (No operations allowed after connection closed.). Possibly consider using a shorter maxLifetime value.
2026-07-18 17:11:07.929 [http-nio-8080-exec-2] WARN  com.zaxxer.hikari.pool.PoolBase - HikariPool-1 - Failed to validate connection com.mysql.cj.jdbc.ConnectionImpl@71a41dfd (No operations allowed after connection closed.). Possibly consider using a shorter maxLifetime value.
2026-07-18 17:11:07.941 [http-nio-8080-exec-2] WARN  com.zaxxer.hikari.pool.PoolBase - HikariPool-1 - Failed to validate connection com.mysql.cj.jdbc.ConnectionImpl@5462eafd (No operations allowed after connection closed.). Possibly consider using a shorter maxLifetime value.
2026-07-18 17:23:08.879 [http-nio-8080-exec-4] WARN  com.zaxxer.hikari.pool.PoolBase - HikariPool-1 - Failed to validate connection com.mysql.cj.jdbc.ConnectionImpl@1cd6ac7d (No operations allowed after connection closed.). Possibly consider using a shorter maxLifetime value.
2026-07-18 17:23:08.956 [http-nio-8080-exec-4] WARN  com.zaxxer.hikari.pool.PoolBase - HikariPool-1 - Failed to validate connection com.mysql.cj.jdbc.ConnectionImpl@5494be1c (No operations allowed after connection closed.). Possibly consider using a shorter maxLifetime value.
2026-07-18 17:23:13.796 [http-nio-8080-exec-8] WARN  com.zaxxer.hikari.pool.PoolBase - HikariPool-1 - Failed to validate connection com.mysql.cj.jdbc.ConnectionImpl@677a9a5a (No operations allowed after connection closed.). Possibly consider using a shorter maxLifetime value.
2026-07-18 17:23:13.803 [http-nio-8080-exec-8] WARN  com.zaxxer.hikari.pool.PoolBase - HikariPool-1 - Failed to validate connection com.mysql.cj.jdbc.ConnectionImpl@5f3582e1 (No operations allowed after connection closed.). Possibly consider using a shorter maxLifetime value.
2026-07-18 17:23:13.808 [http-nio-8080-exec-8] WARN  com.zaxxer.hikari.pool.PoolBase - HikariPool-1 - Failed to validate connection com.mysql.cj.jdbc.ConnectionImpl@116f3df9 (No operations allowed after connection closed.). Possibly consider using a shorter maxLifetime value.
2026-07-18 17:29:12.468 [http-nio-8080-exec-9] INFO  o.a.coyote.http11.Http11Processor - Error parsing HTTP request header
 Note: further occurrences of HTTP request parsing errors will be logged at DEBUG level.
java.lang.IllegalArgumentException: Invalid character found in the request target [/api/stream?path=C:\Users\chath\Cloud%20computing%20group%20project\test-lecture.mp4 ]. The valid characters are defined in RFC 7230 and RFC 3986
	at org.apache.coyote.http11.Http11InputBuffer.parseRequestLine(Http11InputBuffer.java:482)
	at org.apache.coyote.http11.Http11Processor.service(Http11Processor.java:264)
	at org.apache.coyote.AbstractProcessorLight.process(AbstractProcessorLight.java:63)
	at org.apache.coyote.AbstractProtocol$ConnectionHandler.process(AbstractProtocol.java:896)
	at org.apache.tomcat.util.net.NioEndpoint$SocketProcessor.doRun(NioEndpoint.java:1736)
	at org.apache.tomcat.util.net.SocketProcessorBase.run(SocketProcessorBase.java:52)
	at org.apache.tomcat.util.threads.ThreadPoolExecutor.runWorker(ThreadPoolExecutor.java:1191)
	at org.apache.tomcat.util.threads.ThreadPoolExecutor$Worker.run(ThreadPoolExecutor.java:659)
	at org.apache.tomcat.util.threads.TaskThread$WrappingRunnable.run(TaskThread.java:63)
	at java.base/java.lang.Thread.run(Thread.java:1575)
2026-07-18 17:35:14.234 [http-nio-8080-exec-8] WARN  com.elearning.service.S3Service - Failed to generate S3 Presigned URL: Unable to load credentials from any of the providers in the chain AwsCredentialsProviderChain(credentialsProviders=[SystemPropertyCredentialsProvider(), EnvironmentVariableCredentialsProvider(), WebIdentityTokenCredentialsProvider(), ProfileCredentialsProvider(profileName=default, profileFile=ProfileFile(sections=[])), ContainerCredentialsProvider(), InstanceProfileCredentialsProvider()]) : [SystemPropertyCredentialsProvider(): Unable to load credentials from system settings. Access key must be specified either via environment variable (AWS_ACCESS_KEY_ID) or system property (aws.accessKeyId)., EnvironmentVariableCredentialsProvider(): Unable to load credentials from system settings. Access key must be specified either via environment variable (AWS_ACCESS_KEY_ID) or system property (aws.accessKeyId)., WebIdentityTokenCredentialsProvider(): Either the environment variable AWS_WEB_IDENTITY_TOKEN_FILE or the javaproperty aws.webIdentityTokenFile must be set., ProfileCredentialsProvider(profileName=default, profileFile=ProfileFile(sections=[])): Profile file contained no credentials for profile 'default': ProfileFile(sections=[]), ContainerCredentialsProvider(): Cannot fetch credentials from container - neither AWS_CONTAINER_CREDENTIALS_FULL_URI or AWS_CONTAINER_CREDENTIALS_RELATIVE_URI environment variables are set., InstanceProfileCredentialsProvider(): Failed to load credentials from IMDS.]. Falling back to local mock emulation.
2026-07-18 17:35:48.648 [http-nio-8080-exec-1] WARN  com.elearning.service.S3Service - Failed to generate S3 Presigned URL: Unable to load credentials from any of the providers in the chain AwsCredentialsProviderChain(credentialsProviders=[SystemPropertyCredentialsProvider(), EnvironmentVariableCredentialsProvider(), WebIdentityTokenCredentialsProvider(), ProfileCredentialsProvider(profileName=default, profileFile=ProfileFile(sections=[])), ContainerCredentialsProvider(), InstanceProfileCredentialsProvider()]) : [SystemPropertyCredentialsProvider(): Unable to load credentials from system settings. Access key must be specified either via environment variable (AWS_ACCESS_KEY_ID) or system property (aws.accessKeyId)., EnvironmentVariableCredentialsProvider(): Unable to load credentials from system settings. Access key must be specified either via environment variable (AWS_ACCESS_KEY_ID) or system property (aws.accessKeyId)., WebIdentityTokenCredentialsProvider(): Either the environment variable AWS_WEB_IDENTITY_TOKEN_FILE or the javaproperty aws.webIdentityTokenFile must be set., ProfileCredentialsProvider(profileName=default, profileFile=ProfileFile(sections=[])): Profile file contained no credentials for profile 'default': ProfileFile(sections=[]), ContainerCredentialsProvider(): Cannot fetch credentials from container - neither AWS_CONTAINER_CREDENTIALS_FULL_URI or AWS_CONTAINER_CREDENTIALS_RELATIVE_URI environment variables are set., InstanceProfileCredentialsProvider(): Failed to load credentials from IMDS.]. Falling back to local mock emulation.
2026-07-18 17:36:15.403 [http-nio-8080-exec-6] WARN  o.s.w.s.m.s.DefaultHandlerExceptionResolver - Resolved [org.springframework.web.HttpRequestMethodNotSupportedException: Request method 'GET' is not supported]
2026-07-18 17:37:25.369 [http-nio-8080-exec-4] WARN  com.elearning.service.S3Service - Failed to generate S3 Presigned URL: Unable to load credentials from any of the providers in the chain AwsCredentialsProviderChain(credentialsProviders=[SystemPropertyCredentialsProvider(), EnvironmentVariableCredentialsProvider(), WebIdentityTokenCredentialsProvider(), ProfileCredentialsProvider(profileName=default, profileFile=ProfileFile(sections=[])), ContainerCredentialsProvider(), InstanceProfileCredentialsProvider()]) : [SystemPropertyCredentialsProvider(): Unable to load credentials from system settings. Access key must be specified either via environment variable (AWS_ACCESS_KEY_ID) or system property (aws.accessKeyId)., EnvironmentVariableCredentialsProvider(): Unable to load credentials from system settings. Access key must be specified either via environment variable (AWS_ACCESS_KEY_ID) or system property (aws.accessKeyId)., WebIdentityTokenCredentialsProvider(): Either the environment variable AWS_WEB_IDENTITY_TOKEN_FILE or the javaproperty aws.webIdentityTokenFile must be set., ProfileCredentialsProvider(profileName=default, profileFile=ProfileFile(sections=[])): Profile file contained no credentials for profile 'default': ProfileFile(sections=[]), ContainerCredentialsProvider(): Cannot fetch credentials from container - neither AWS_CONTAINER_CREDENTIALS_FULL_URI or AWS_CONTAINER_CREDENTIALS_RELATIVE_URI environment variables are set., InstanceProfileCredentialsProvider(): Failed to load credentials from IMDS.]. Falling back to local mock emulation.
2026-07-18 17:40:33.459 [http-nio-8080-exec-1] WARN  com.zaxxer.hikari.pool.PoolBase - HikariPool-1 - Failed to validate connection com.mysql.cj.jdbc.ConnectionImpl@223f30f2 (No operations allowed after connection closed.). Possibly consider using a shorter maxLifetime value.
2026-07-18 17:40:33.529 [http-nio-8080-exec-1] WARN  com.zaxxer.hikari.pool.PoolBase - HikariPool-1 - Failed to validate connection com.mysql.cj.jdbc.ConnectionImpl@7ceabfb1 (No operations allowed after connection closed.). Possibly consider using a shorter maxLifetime value.
2026-07-18 17:40:40.140 [http-nio-8080-exec-5] WARN  com.zaxxer.hikari.pool.PoolBase - HikariPool-1 - Failed to validate connection com.mysql.cj.jdbc.ConnectionImpl@561d869a (No operations allowed after connection closed.). Possibly consider using a shorter maxLifetime value.
2026-07-18 17:46:42.745 [http-nio-8080-exec-2] WARN  com.zaxxer.hikari.pool.PoolBase - HikariPool-1 - Failed to validate connection com.mysql.cj.jdbc.ConnectionImpl@b981646 (No operations allowed after connection closed.). Possibly consider using a shorter maxLifetime value.
2026-07-18 17:46:42.745 [http-nio-8080-exec-4] WARN  com.zaxxer.hikari.pool.PoolBase - HikariPool-1 - Failed to validate connection com.mysql.cj.jdbc.ConnectionImpl@403a71eb (No operations allowed after connection closed.). Possibly consider using a shorter maxLifetime value.
2026-07-18 17:46:42.745 [http-nio-8080-exec-9] WARN  com.zaxxer.hikari.pool.PoolBase - HikariPool-1 - Failed to validate connection com.mysql.cj.jdbc.ConnectionImpl@2d05aa96 (No operations allowed after connection closed.). Possibly consider using a shorter maxLifetime value.
2026-07-18 17:46:42.805 [http-nio-8080-exec-9] WARN  com.zaxxer.hikari.pool.PoolBase - HikariPool-1 - Failed to validate connection com.mysql.cj.jdbc.ConnectionImpl@5691e901 (No operations allowed after connection closed.). Possibly consider using a shorter maxLifetime value.
2026-07-18 17:46:42.823 [http-nio-8080-exec-9] WARN  com.zaxxer.hikari.pool.PoolBase - HikariPool-1 - Failed to validate connection com.mysql.cj.jdbc.ConnectionImpl@231b1089 (No operations allowed after connection closed.). Possibly consider using a shorter maxLifetime value.
